[2018-08-20 12:28:42] request.CRITICAL: Uncaught PHP Exception Symfony\Component\Debug\Exception\UndefinedFunctionException: "Attempted to call function "dd" from the global namespace." at C:\xampp\htdocs\PrestaShop\modules\cristymodule\cristymodule.php line 130 {"exception":"[object] (Symfony\\Component\\Debug\\Exception\\UndefinedFunctionException(code: 0): Attempted to call function \"dd\" from the global namespace. at C:\\xampp\\htdocs\\PrestaShop\\modules\\cristymodule\\cristymodule.php:130)"} []
[2018-08-20 13:02:55] request.CRITICAL: Uncaught PHP Exception Symfony\Component\Debug\Exception\FatalErrorException: "Error: Maximum execution time of 30 seconds exceeded" at C:\xampp\htdocs\PrestaShop\classes\Tools.php line 1982 {"exception":"[object] (Symfony\\Component\\Debug\\Exception\\FatalErrorException(code: 0): Error: Maximum execution time of 30 seconds exceeded at C:\\xampp\\htdocs\\PrestaShop\\classes\\Tools.php:1982)"} []
[2018-08-21 12:00:28] request.INFO: Matched route "admin_module_manage_action". {"route":"admin_module_manage_action","route_parameters":{"_controller":"PrestaShopBundle\\Controller\\Admin\\ModuleController::moduleAction","action":"reset","module_name":"cristymodule","_route":"admin_module_manage_action"},"request_uri":"http://127.0.0.1/prestashop/admin123/index.php/module/manage/action/reset/cristymodule?_token=MqKzOviXY-tsghwav7usc1UbybCFHpLMZ7YtkBkURoM","method":"POST"} []
[2018-08-21 12:00:28] security.DEBUG: Read existing security token from the session. {"key":"_security_main","token_class":"Symfony\\Component\\Security\\Core\\Authentication\\Token\\UsernamePasswordToken"} []
[2018-08-21 12:00:28] security.DEBUG: User was reloaded from a user provider. {"provider":"PrestaShopBundle\\Security\\Admin\\EmployeeProvider","username":"cristybv1@gmail.com"} []
[2018-08-21 12:00:29] app.ERROR: Class "AdminGamificationController" not found in controllers/admin [] []
[2018-08-21 12:00:29] security.DEBUG: Stored the security token in the session. {"key":"_security_main"} []
[2018-08-21 12:09:28] request.INFO: Matched route "admin_module_manage_action". {"route":"admin_module_manage_action","route_parameters":{"_controller":"PrestaShopBundle\\Controller\\Admin\\ModuleController::moduleAction","action":"reset","module_name":"cristymodule","_route":"admin_module_manage_action"},"request_uri":"http://127.0.0.1/prestashop/admin123/index.php/module/manage/action/reset/cristymodule?_token=MqKzOviXY-tsghwav7usc1UbybCFHpLMZ7YtkBkURoM","method":"POST"} []
[2018-08-21 12:09:28] security.DEBUG: Read existing security token from the session. {"key":"_security_main","token_class":"Symfony\\Component\\Security\\Core\\Authentication\\Token\\UsernamePasswordToken"} []
[2018-08-21 12:09:28] security.DEBUG: User was reloaded from a user provider. {"provider":"PrestaShopBundle\\Security\\Admin\\EmployeeProvider","username":"cristybv1@gmail.com"} []
[2018-08-21 12:09:28] app.ERROR: Class "AdminGamificationController" not found in controllers/admin [] []
[2018-08-21 12:09:28] security.DEBUG: Stored the security token in the session. {"key":"_security_main"} []
[2018-08-21 12:09:56] request.INFO: Matched route "admin_module_manage_action". {"route":"admin_module_manage_action","route_parameters":{"_controller":"PrestaShopBundle\\Controller\\Admin\\ModuleController::moduleAction","action":"install","module_name":"cristymodule","_route":"admin_module_manage_action"},"request_uri":"http://127.0.0.1/prestashop/admin123/index.php/module/manage/action/install/cristymodule?_token=MqKzOviXY-tsghwav7usc1UbybCFHpLMZ7YtkBkURoM","method":"POST"} []
[2018-08-21 12:09:56] security.DEBUG: Read existing security token from the session. {"key":"_security_main","token_class":"Symfony\\Component\\Security\\Core\\Authentication\\Token\\UsernamePasswordToken"} []
[2018-08-21 12:09:56] security.DEBUG: User was reloaded from a user provider. {"provider":"PrestaShopBundle\\Security\\Admin\\EmployeeProvider","username":"cristybv1@gmail.com"} []
[2018-08-21 12:09:57] app.ERROR: Class "AdminGamificationController" not found in controllers/admin [] []
[2018-08-21 12:09:57] security.DEBUG: Stored the security token in the session. {"key":"_security_main"} []
[2018-08-21 12:11:43] request.INFO: Matched route "admin_module_manage_action". {"route":"admin_module_manage_action","route_parameters":{"_controller":"PrestaShopBundle\\Controller\\Admin\\ModuleController::moduleAction","action":"reset","module_name":"cristymodule","_route":"admin_module_manage_action"},"request_uri":"http://127.0.0.1/prestashop/admin123/index.php/module/manage/action/reset/cristymodule?_token=MqKzOviXY-tsghwav7usc1UbybCFHpLMZ7YtkBkURoM","method":"POST"} []
[2018-08-21 12:11:43] security.DEBUG: Read existing security token from the session. {"key":"_security_main","token_class":"Symfony\\Component\\Security\\Core\\Authentication\\Token\\UsernamePasswordToken"} []
[2018-08-21 12:11:43] security.DEBUG: User was reloaded from a user provider. {"provider":"PrestaShopBundle\\Security\\Admin\\EmployeeProvider","username":"cristybv1@gmail.com"} []
[2018-08-21 12:11:43] app.ERROR: Class "AdminGamificationController" not found in controllers/admin [] []
[2018-08-21 12:11:43] security.DEBUG: Stored the security token in the session. {"key":"_security_main"} []
[2018-08-21 12:17:09] request.INFO: Matched route "admin_module_manage_action". {"route":"admin_module_manage_action","route_parameters":{"_controller":"PrestaShopBundle\\Controller\\Admin\\ModuleController::moduleAction","action":"reset","module_name":"cristymodule","_route":"admin_module_manage_action"},"request_uri":"http://127.0.0.1/prestashop/admin123/index.php/module/manage/action/reset/cristymodule?_token=MqKzOviXY-tsghwav7usc1UbybCFHpLMZ7YtkBkURoM","method":"POST"} []
[2018-08-21 12:17:09] security.DEBUG: Read existing security token from the session. {"key":"_security_main","token_class":"Symfony\\Component\\Security\\Core\\Authentication\\Token\\UsernamePasswordToken"} []
[2018-08-21 12:17:09] security.DEBUG: User was reloaded from a user provider. {"provider":"PrestaShopBundle\\Security\\Admin\\EmployeeProvider","username":"cristybv1@gmail.com"} []
[2018-08-21 12:17:10] app.ERROR: Class "CristyModuleController" not found in controllers/admin [] []
[2018-08-21 12:17:10] security.DEBUG: Stored the security token in the session. {"key":"_security_main"} []
[2018-08-21 12:19:38] request.INFO: Matched route "admin_module_manage_action". {"route":"admin_module_manage_action","route_parameters":{"_controller":"PrestaShopBundle\\Controller\\Admin\\ModuleController::moduleAction","action":"reset","module_name":"cristymodule","_route":"admin_module_manage_action"},"request_uri":"http://127.0.0.1/prestashop/admin123/index.php/module/manage/action/reset/cristymodule?_token=MqKzOviXY-tsghwav7usc1UbybCFHpLMZ7YtkBkURoM","method":"POST"} []
[2018-08-21 12:19:38] security.DEBUG: Read existing security token from the session. {"key":"_security_main","token_class":"Symfony\\Component\\Security\\Core\\Authentication\\Token\\UsernamePasswordToken"} []
[2018-08-21 12:19:38] security.DEBUG: User was reloaded from a user provider. {"provider":"PrestaShopBundle\\Security\\Admin\\EmployeeProvider","username":"cristybv1@gmail.com"} []
[2018-08-21 12:19:39] app.ERROR: Class "CristyModuleController" not found in controllers/admin [] []
[2018-08-21 12:19:39] security.DEBUG: Stored the security token in the session. {"key":"_security_main"} []
[2018-08-21 12:19:58] request.INFO: Matched route "admin_module_manage_action". {"route":"admin_module_manage_action","route_parameters":{"_controller":"PrestaShopBundle\\Controller\\Admin\\ModuleController::moduleAction","action":"reset","module_name":"cristymodule","_route":"admin_module_manage_action"},"request_uri":"http://127.0.0.1/prestashop/admin123/index.php/module/manage/action/reset/cristymodule?_token=MqKzOviXY-tsghwav7usc1UbybCFHpLMZ7YtkBkURoM","method":"POST"} []
[2018-08-21 12:19:58] security.DEBUG: Read existing security token from the session. {"key":"_security_main","token_class":"Symfony\\Component\\Security\\Core\\Authentication\\Token\\UsernamePasswordToken"} []
[2018-08-21 12:19:58] security.DEBUG: User was reloaded from a user provider. {"provider":"PrestaShopBundle\\Security\\Admin\\EmployeeProvider","username":"cristybv1@gmail.com"} []
[2018-08-21 12:19:59] app.ERROR: Class "CristyModuleController" not found in controllers/admin [] []
[2018-08-21 12:19:59] security.DEBUG: Stored the security token in the session. {"key":"_security_main"} []
[2018-08-21 12:22:57] request.INFO: Matched route "admin_module_manage_action". {"route":"admin_module_manage_action","route_parameters":{"_controller":"PrestaShopBundle\\Controller\\Admin\\ModuleController::moduleAction","action":"reset","module_name":"cristymodule","_route":"admin_module_manage_action"},"request_uri":"http://127.0.0.1/prestashop/admin123/index.php/module/manage/action/reset/cristymodule?_token=MqKzOviXY-tsghwav7usc1UbybCFHpLMZ7YtkBkURoM","method":"POST"} []
[2018-08-21 12:22:57] security.DEBUG: Read existing security token from the session. {"key":"_security_main","token_class":"Symfony\\Component\\Security\\Core\\Authentication\\Token\\UsernamePasswordToken"} []
[2018-08-21 12:22:57] security.DEBUG: User was reloaded from a user provider. {"provider":"PrestaShopBundle\\Security\\Admin\\EmployeeProvider","username":"cristybv1@gmail.com"} []
[2018-08-21 12:22:57] request.CRITICAL: Uncaught PHP Exception Symfony\Component\Debug\Exception\FatalErrorException: "Compile Error: Constant expression contains invalid operations" at C:\xampp\htdocs\PrestaShop\modules\cristymodule\cristymodule.php line 9 {"exception":"[object] (Symfony\\Component\\Debug\\Exception\\FatalErrorException(code: 0): Compile Error: Constant expression contains invalid operations at C:\\xampp\\htdocs\\PrestaShop\\modules\\cristymodule\\cristymodule.php:9)"} []
[2018-08-21 12:22:57] security.DEBUG: Stored the security token in the session. {"key":"_security_main"} []
[2018-08-21 12:23:01] request.INFO: Matched route "admin_module_manage_action". {"route":"admin_module_manage_action","route_parameters":{"_controller":"PrestaShopBundle\\Controller\\Admin\\ModuleController::moduleAction","action":"reset","module_name":"cristymodule","_route":"admin_module_manage_action"},"request_uri":"http://127.0.0.1/prestashop/admin123/index.php/module/manage/action/reset/cristymodule?_token=MqKzOviXY-tsghwav7usc1UbybCFHpLMZ7YtkBkURoM","method":"POST"} []
[2018-08-21 12:23:01] security.DEBUG: Read existing security token from the session. {"key":"_security_main","token_class":"Symfony\\Component\\Security\\Core\\Authentication\\Token\\UsernamePasswordToken"} []
[2018-08-21 12:23:01] security.DEBUG: User was reloaded from a user provider. {"provider":"PrestaShopBundle\\Security\\Admin\\EmployeeProvider","username":"cristybv1@gmail.com"} []
[2018-08-21 12:23:01] request.CRITICAL: Uncaught PHP Exception Symfony\Component\Debug\Exception\FatalErrorException: "Compile Error: Constant expression contains invalid operations" at C:\xampp\htdocs\PrestaShop\modules\cristymodule\cristymodule.php line 9 {"exception":"[object] (Symfony\\Component\\Debug\\Exception\\FatalErrorException(code: 0): Compile Error: Constant expression contains invalid operations at C:\\xampp\\htdocs\\PrestaShop\\modules\\cristymodule\\cristymodule.php:9)"} []
[2018-08-21 12:23:01] security.DEBUG: Stored the security token in the session. {"key":"_security_main"} []
[2018-08-21 12:23:02] request.INFO: Matched route "admin_module_manage". {"route":"admin_module_manage","route_parameters":{"category":null,"keyword":null,"_controller":"PrestaShopBundle\\Controller\\Admin\\ModuleController::manageAction","_legacy_controller":"AdminModulesManage","_route":"admin_module_manage"},"request_uri":"http://127.0.0.1/prestashop/admin123/index.php/module/manage?_token=MqKzOviXY-tsghwav7usc1UbybCFHpLMZ7YtkBkURoM","method":"GET"} []
[2018-08-21 12:23:02] security.DEBUG: Read existing security token from the session. {"key":"_security_main","token_class":"Symfony\\Component\\Security\\Core\\Authentication\\Token\\UsernamePasswordToken"} []
[2018-08-21 12:23:02] security.DEBUG: User was reloaded from a user provider. {"provider":"PrestaShopBundle\\Security\\Admin\\EmployeeProvider","username":"cristybv1@gmail.com"} []
[2018-08-21 12:23:02] request.CRITICAL: Uncaught PHP Exception Symfony\Component\Debug\Exception\FatalErrorException: "Compile Error: Constant expression contains invalid operations" at C:\xampp\htdocs\PrestaShop\modules\cristymodule\cristymodule.php line 9 {"exception":"[object] (Symfony\\Component\\Debug\\Exception\\FatalErrorException(code: 0): Compile Error: Constant expression contains invalid operations at C:\\xampp\\htdocs\\PrestaShop\\modules\\cristymodule\\cristymodule.php:9)"} []
[2018-08-21 12:23:02] security.DEBUG: Stored the security token in the session. {"key":"_security_main"} []
[2018-08-21 12:23:15] request.INFO: Matched route "admin_module_manage_action". {"route":"admin_module_manage_action","route_parameters":{"_controller":"PrestaShopBundle\\Controller\\Admin\\ModuleController::moduleAction","action":"reset","module_name":"cristymodule","_route":"admin_module_manage_action"},"request_uri":"http://127.0.0.1/prestashop/admin123/index.php/module/manage/action/reset/cristymodule?_token=MqKzOviXY-tsghwav7usc1UbybCFHpLMZ7YtkBkURoM","method":"POST"} []
[2018-08-21 12:23:15] security.DEBUG: Read existing security token from the session. {"key":"_security_main","token_class":"Symfony\\Component\\Security\\Core\\Authentication\\Token\\UsernamePasswordToken"} []
[2018-08-21 12:23:15] security.DEBUG: User was reloaded from a user provider. {"provider":"PrestaShopBundle\\Security\\Admin\\EmployeeProvider","username":"cristybv1@gmail.com"} []
[2018-08-21 12:23:16] app.ERROR: Class "CristyModuleController" not found in controllers/admin [] []
[2018-08-21 12:23:16] security.DEBUG: Stored the security token in the session. {"key":"_security_main"} []
[2018-08-21 12:48:40] request.INFO: Matched route "admin_module_manage_action". {"route":"admin_module_manage_action","route_parameters":{"_controller":"PrestaShopBundle\\Controller\\Admin\\ModuleController::moduleAction","action":"reset","module_name":"cristymodule","_route":"admin_module_manage_action"},"request_uri":"http://127.0.0.1/prestashop/admin123/index.php/module/manage/action/reset/cristymodule?_token=MqKzOviXY-tsghwav7usc1UbybCFHpLMZ7YtkBkURoM","method":"POST"} []
[2018-08-21 12:48:40] security.DEBUG: Read existing security token from the session. {"key":"_security_main","token_class":"Symfony\\Component\\Security\\Core\\Authentication\\Token\\UsernamePasswordToken"} []
[2018-08-21 12:48:40] security.DEBUG: User was reloaded from a user provider. {"provider":"PrestaShopBundle\\Security\\Admin\\EmployeeProvider","username":"cristybv1@gmail.com"} []
[2018-08-21 12:48:41] app.ERROR: Class "AdminControllerController" not found in controllers/admin [] []
[2018-08-21 12:48:41] security.DEBUG: Stored the security token in the session. {"key":"_security_main"} []
[2018-08-21 12:49:44] request.INFO: Matched route "admin_module_manage_action". {"route":"admin_module_manage_action","route_parameters":{"_controller":"PrestaShopBundle\\Controller\\Admin\\ModuleController::moduleAction","action":"reset","module_name":"cristymodule","_route":"admin_module_manage_action"},"request_uri":"http://127.0.0.1/prestashop/admin123/index.php/module/manage/action/reset/cristymodule?_token=MqKzOviXY-tsghwav7usc1UbybCFHpLMZ7YtkBkURoM","method":"POST"} []
[2018-08-21 12:49:44] security.DEBUG: Read existing security token from the session. {"key":"_security_main","token_class":"Symfony\\Component\\Security\\Core\\Authentication\\Token\\UsernamePasswordToken"} []
[2018-08-21 12:49:44] security.DEBUG: User was reloaded from a user provider. {"provider":"PrestaShopBundle\\Security\\Admin\\EmployeeProvider","username":"cristybv1@gmail.com"} []
[2018-08-21 12:49:44] app.ERROR: Class "CristyModuleControllerController" not found in controllers/admin [] []
[2018-08-21 12:49:44] security.DEBUG: Stored the security token in the session. {"key":"_security_main"} []
[2018-08-21 12:55:57] request.INFO: Matched route "admin_module_manage_action". {"route":"admin_module_manage_action","route_parameters":{"_controller":"PrestaShopBundle\\Controller\\Admin\\ModuleController::moduleAction","action":"reset","module_name":"cristymodule","_route":"admin_module_manage_action"},"request_uri":"http://127.0.0.1/prestashop/admin123/index.php/module/manage/action/reset/cristymodule?_token=MqKzOviXY-tsghwav7usc1UbybCFHpLMZ7YtkBkURoM","method":"POST"} []
[2018-08-21 12:55:57] security.DEBUG: Read existing security token from the session. {"key":"_security_main","token_class":"Symfony\\Component\\Security\\Core\\Authentication\\Token\\UsernamePasswordToken"} []
[2018-08-21 12:55:57] security.DEBUG: User was reloaded from a user provider. {"provider":"PrestaShopBundle\\Security\\Admin\\EmployeeProvider","username":"cristybv1@gmail.com"} []
[2018-08-21 12:55:57] app.ERROR: Class "CristyModuleControllerController" not found in controllers/admin [] []
[2018-08-21 12:55:58] security.DEBUG: Stored the security token in the session. {"key":"_security_main"} []
[2018-08-21 12:58:21] request.INFO: Matched route "admin_module_manage_action". {"route":"admin_module_manage_action","route_parameters":{"_controller":"PrestaShopBundle\\Controller\\Admin\\ModuleController::moduleAction","action":"reset","module_name":"cristymodule","_route":"admin_module_manage_action"},"request_uri":"http://127.0.0.1/prestashop/admin123/index.php/module/manage/action/reset/cristymodule?_token=MqKzOviXY-tsghwav7usc1UbybCFHpLMZ7YtkBkURoM","method":"POST"} []
[2018-08-21 12:58:21] security.DEBUG: Read existing security token from the session. {"key":"_security_main","token_class":"Symfony\\Component\\Security\\Core\\Authentication\\Token\\UsernamePasswordToken"} []
[2018-08-21 12:58:21] security.DEBUG: User was reloaded from a user provider. {"provider":"PrestaShopBundle\\Security\\Admin\\EmployeeProvider","username":"cristybv1@gmail.com"} []
[2018-08-21 12:58:21] app.ERROR: Class "AdminCristyModuleControllerController" not found in controllers/admin [] []
[2018-08-21 12:58:21] security.DEBUG: Stored the security token in the session. {"key":"_security_main"} []
[2018-08-21 13:04:09] request.INFO: Matched route "admin_module_manage_action". {"route":"admin_module_manage_action","route_parameters":{"_controller":"PrestaShopBundle\\Controller\\Admin\\ModuleController::moduleAction","action":"reset","module_name":"cristymodule","_route":"admin_module_manage_action"},"request_uri":"http://127.0.0.1/prestashop/admin123/index.php/module/manage/action/reset/cristymodule?_token=MqKzOviXY-tsghwav7usc1UbybCFHpLMZ7YtkBkURoM","method":"POST"} []
[2018-08-21 13:04:09] security.DEBUG: Read existing security token from the session. {"key":"_security_main","token_class":"Symfony\\Component\\Security\\Core\\Authentication\\Token\\UsernamePasswordToken"} []
[2018-08-21 13:04:09] security.DEBUG: User was reloaded from a user provider. {"provider":"PrestaShopBundle\\Security\\Admin\\EmployeeProvider","username":"cristybv1@gmail.com"} []
[2018-08-21 13:04:09] app.ERROR: Class "AdminCristyModuleControllerController" not found in controllers/admin [] []
[2018-08-21 13:04:10] security.DEBUG: Stored the security token in the session. {"key":"_security_main"} []
[2018-08-21 13:06:18] request.INFO: Matched route "admin_module_manage_action". {"route":"admin_module_manage_action","route_parameters":{"_controller":"PrestaShopBundle\\Controller\\Admin\\ModuleController::moduleAction","action":"reset","module_name":"cristymodule","_route":"admin_module_manage_action"},"request_uri":"http://127.0.0.1/prestashop/admin123/index.php/module/manage/action/reset/cristymodule?_token=MqKzOviXY-tsghwav7usc1UbybCFHpLMZ7YtkBkURoM","method":"POST"} []
[2018-08-21 13:06:18] security.DEBUG: Read existing security token from the session. {"key":"_security_main","token_class":"Symfony\\Component\\Security\\Core\\Authentication\\Token\\UsernamePasswordToken"} []
[2018-08-21 13:06:18] security.DEBUG: User was reloaded from a user provider. {"provider":"PrestaShopBundle\\Security\\Admin\\EmployeeProvider","username":"cristybv1@gmail.com"} []
[2018-08-21 13:06:19] app.ERROR: Class "AdminCristyModuleControllerController" not found in controllers/admin [] []
[2018-08-21 13:06:19] security.DEBUG: Stored the security token in the session. {"key":"_security_main"} []
[2018-08-21 13:09:13] request.INFO: Matched route "admin_module_manage_action". {"route":"admin_module_manage_action","route_parameters":{"_controller":"PrestaShopBundle\\Controller\\Admin\\ModuleController::moduleAction","action":"reset","module_name":"cristymodule","_route":"admin_module_manage_action"},"request_uri":"http://127.0.0.1/prestashop/admin123/index.php/module/manage/action/reset/cristymodule?_token=MqKzOviXY-tsghwav7usc1UbybCFHpLMZ7YtkBkURoM","method":"POST"} []
[2018-08-21 13:09:13] security.DEBUG: Read existing security token from the session. {"key":"_security_main","token_class":"Symfony\\Component\\Security\\Core\\Authentication\\Token\\UsernamePasswordToken"} []
[2018-08-21 13:09:13] security.DEBUG: User was reloaded from a user provider. {"provider":"PrestaShopBundle\\Security\\Admin\\EmployeeProvider","username":"cristybv1@gmail.com"} []
[2018-08-21 13:09:14] app.ERROR: Class "AdminCristyModuleControllerController" not found in controllers/admin [] []
[2018-08-21 13:09:14] security.DEBUG: Stored the security token in the session. {"key":"_security_main"} []
[2018-08-21 13:09:56] request.INFO: Matched route "admin_module_manage_action". {"route":"admin_module_manage_action","route_parameters":{"_controller":"PrestaShopBundle\\Controller\\Admin\\ModuleController::moduleAction","action":"reset","module_name":"cristymodule","_route":"admin_module_manage_action"},"request_uri":"http://127.0.0.1/prestashop/admin123/index.php/module/manage/action/reset/cristymodule?_token=MqKzOviXY-tsghwav7usc1UbybCFHpLMZ7YtkBkURoM","method":"POST"} []
[2018-08-21 13:09:56] security.DEBUG: Read existing security token from the session. {"key":"_security_main","token_class":"Symfony\\Component\\Security\\Core\\Authentication\\Token\\UsernamePasswordToken"} []
[2018-08-21 13:09:56] security.DEBUG: User was reloaded from a user provider. {"provider":"PrestaShopBundle\\Security\\Admin\\EmployeeProvider","username":"cristybv1@gmail.com"} []
[2018-08-21 13:09:57] app.ERROR: Class "AdminCristyModuleControllerController" not found in controllers/admin [] []
[2018-08-21 13:09:57] security.DEBUG: Stored the security token in the session. {"key":"_security_main"} []
[2018-08-21 13:13:49] request.INFO: Matched route "admin_module_manage_action". {"route":"admin_module_manage_action","route_parameters":{"_controller":"PrestaShopBundle\\Controller\\Admin\\ModuleController::moduleAction","action":"install","module_name":"cristymodule","_route":"admin_module_manage_action"},"request_uri":"http://127.0.0.1/prestashop/admin123/index.php/module/manage/action/install/cristymodule?_token=MqKzOviXY-tsghwav7usc1UbybCFHpLMZ7YtkBkURoM","method":"POST"} []
[2018-08-21 13:13:49] security.DEBUG: Read existing security token from the session. {"key":"_security_main","token_class":"Symfony\\Component\\Security\\Core\\Authentication\\Token\\UsernamePasswordToken"} []
[2018-08-21 13:13:49] security.DEBUG: User was reloaded from a user provider. {"provider":"PrestaShopBundle\\Security\\Admin\\EmployeeProvider","username":"cristybv1@gmail.com"} []
[2018-08-21 13:13:49] app.ERROR: Class "AdminCristyModuleControllerController" not found in controllers/admin [] []
[2018-08-21 13:13:49] security.DEBUG: Stored the security token in the session. {"key":"_security_main"} []
[2018-08-21 13:21:35] request.INFO: Matched route "admin_module_manage_action". {"route":"admin_module_manage_action","route_parameters":{"_controller":"PrestaShopBundle\\Controller\\Admin\\ModuleController::moduleAction","action":"reset","module_name":"cristymodule","_route":"admin_module_manage_action"},"request_uri":"http://127.0.0.1/prestashop/admin123/index.php/module/manage/action/reset/cristymodule?_token=MqKzOviXY-tsghwav7usc1UbybCFHpLMZ7YtkBkURoM","method":"POST"} []
[2018-08-21 13:21:35] security.DEBUG: Read existing security token from the session. {"key":"_security_main","token_class":"Symfony\\Component\\Security\\Core\\Authentication\\Token\\UsernamePasswordToken"} []
[2018-08-21 13:21:35] security.DEBUG: User was reloaded from a user provider. {"provider":"PrestaShopBundle\\Security\\Admin\\EmployeeProvider","username":"cristybv1@gmail.com"} []
[2018-08-21 13:21:35] app.ERROR: Class "AdminGamificationController" not found in controllers/admin [] []
[2018-08-21 13:21:35] security.DEBUG: Stored the security token in the session. {"key":"_security_main"} []
[2018-08-21 13:35:17] request.CRITICAL: Uncaught PHP Exception SmartyException: "Unable to load template 'file:C:\xampp\htdocs\PrestaShop\admin123\themes\default\template\display.tpl'" at C:\xampp\htdocs\PrestaShop\vendor\smarty\smarty\libs\sysplugins\smarty_internal_template.php line 187 {"exception":"[object] (SmartyException(code: 0): Unable to load template 'file:C:\\xampp\\htdocs\\PrestaShop\\admin123\\themes\\default\\template\\display.tpl' at C:\\xampp\\htdocs\\PrestaShop\\vendor\\smarty\\smarty\\libs\\sysplugins\\smarty_internal_template.php:187)"} []
[2018-08-21 13:36:20] request.CRITICAL: Uncaught PHP Exception SmartyException: "Unable to load template 'file:C:\xampp\htdocs\PrestaShop\admin123\themes\default\template\display.tpl'" at C:\xampp\htdocs\PrestaShop\vendor\smarty\smarty\libs\sysplugins\smarty_internal_template.php line 187 {"exception":"[object] (SmartyException(code: 0): Unable to load template 'file:C:\\xampp\\htdocs\\PrestaShop\\admin123\\themes\\default\\template\\display.tpl' at C:\\xampp\\htdocs\\PrestaShop\\vendor\\smarty\\smarty\\libs\\sysplugins\\smarty_internal_template.php:187)"} []
[2018-08-21 13:36:44] request.CRITICAL: Uncaught PHP Exception SmartyException: "Unable to load template 'file:C:\xampp\htdocs\PrestaShop\admin123\themes\default\template\display.tpl'" at C:\xampp\htdocs\PrestaShop\vendor\smarty\smarty\libs\sysplugins\smarty_internal_template.php line 187 {"exception":"[object] (SmartyException(code: 0): Unable to load template 'file:C:\\xampp\\htdocs\\PrestaShop\\admin123\\themes\\default\\template\\display.tpl' at C:\\xampp\\htdocs\\PrestaShop\\vendor\\smarty\\smarty\\libs\\sysplugins\\smarty_internal_template.php:187)"} []
[2018-08-21 13:36:52] request.CRITICAL: Uncaught PHP Exception SmartyException: "Unable to load template 'file:C:\xampp\htdocs\PrestaShop\admin123\themes\default\template\display.tpl'" at C:\xampp\htdocs\PrestaShop\vendor\smarty\smarty\libs\sysplugins\smarty_internal_template.php line 187 {"exception":"[object] (SmartyException(code: 0): Unable to load template 'file:C:\\xampp\\htdocs\\PrestaShop\\admin123\\themes\\default\\template\\display.tpl' at C:\\xampp\\htdocs\\PrestaShop\\vendor\\smarty\\smarty\\libs\\sysplugins\\smarty_internal_template.php:187)"} []
[2018-08-21 13:37:19] request.CRITICAL: Uncaught PHP Exception SmartyException: "Unable to load template 'file:C:\xampp\htdocs\PrestaShop\admin123\themes\default\template\display.tpl'" at C:\xampp\htdocs\PrestaShop\vendor\smarty\smarty\libs\sysplugins\smarty_internal_template.php line 187 {"exception":"[object] (SmartyException(code: 0): Unable to load template 'file:C:\\xampp\\htdocs\\PrestaShop\\admin123\\themes\\default\\template\\display.tpl' at C:\\xampp\\htdocs\\PrestaShop\\vendor\\smarty\\smarty\\libs\\sysplugins\\smarty_internal_template.php:187)"} []
[2018-08-21 13:38:29] request.CRITICAL: Uncaught PHP Exception SmartyException: "Unable to load template 'file:C:\xampp\htdocs\PrestaShop\admin123\themes\default\template\display.tpl'" at C:\xampp\htdocs\PrestaShop\vendor\smarty\smarty\libs\sysplugins\smarty_internal_template.php line 187 {"exception":"[object] (SmartyException(code: 0): Unable to load template 'file:C:\\xampp\\htdocs\\PrestaShop\\admin123\\themes\\default\\template\\display.tpl' at C:\\xampp\\htdocs\\PrestaShop\\vendor\\smarty\\smarty\\libs\\sysplugins\\smarty_internal_template.php:187)"} []
[2018-08-21 13:41:22] request.CRITICAL: Uncaught PHP Exception Symfony\Component\Debug\Exception\FatalThrowableError: "Call to a member function trans() on null" at C:\xampp\htdocs\PrestaShop\classes\controller\AdminController.php line 2697 {"exception":"[object] (Symfony\\Component\\Debug\\Exception\\FatalThrowableError(code: 0): Call to a member function trans() on null at C:\\xampp\\htdocs\\PrestaShop\\classes\\controller\\AdminController.php:2697)"} []
[2018-08-21 13:42:26] request.CRITICAL: Uncaught PHP Exception SmartyException: "Unable to load template 'file:C:\xampp\htdocs\PrestaShop\admin123\themes\default\template\display.tpl'" at C:\xampp\htdocs\PrestaShop\vendor\smarty\smarty\libs\sysplugins\smarty_internal_template.php line 187 {"exception":"[object] (SmartyException(code: 0): Unable to load template 'file:C:\\xampp\\htdocs\\PrestaShop\\admin123\\themes\\default\\template\\display.tpl' at C:\\xampp\\htdocs\\PrestaShop\\vendor\\smarty\\smarty\\libs\\sysplugins\\smarty_internal_template.php:187)"} []
[2018-08-21 13:43:08] request.CRITICAL: Uncaught PHP Exception SmartyException: "Unable to load template 'file:C:\xampp\htdocs\PrestaShop\admin123\themes\default\template\module:cristymodule/views/templates/front/display.tpl'" at C:\xampp\htdocs\PrestaShop\vendor\smarty\smarty\libs\sysplugins\smarty_internal_template.php line 187 {"exception":"[object] (SmartyException(code: 0): Unable to load template 'file:C:\\xampp\\htdocs\\PrestaShop\\admin123\\themes\\default\\template\\module:cristymodule/views/templates/front/display.tpl' at C:\\xampp\\htdocs\\PrestaShop\\vendor\\smarty\\smarty\\libs\\sysplugins\\smarty_internal_template.php:187)"} []
[2018-08-21 13:43:45] request.CRITICAL: Uncaught PHP Exception SmartyException: "Unable to load template 'file:C:\xampp\htdocs\PrestaShop\admin123\themes\default\template\module:cristymodule/views/templates/front/display.tpl'" at C:\xampp\htdocs\PrestaShop\vendor\smarty\smarty\libs\sysplugins\smarty_internal_template.php line 187 {"exception":"[object] (SmartyException(code: 0): Unable to load template 'file:C:\\xampp\\htdocs\\PrestaShop\\admin123\\themes\\default\\template\\module:cristymodule/views/templates/front/display.tpl' at C:\\xampp\\htdocs\\PrestaShop\\vendor\\smarty\\smarty\\libs\\sysplugins\\smarty_internal_template.php:187)"} []
[2018-08-21 13:44:23] request.CRITICAL: Uncaught PHP Exception SmartyException: "Unable to load template 'file:C:\xampp\htdocs\PrestaShop\admin123\themes\default\template\module:cristymodule/views/templates/front/display.tpl'" at C:\xampp\htdocs\PrestaShop\vendor\smarty\smarty\libs\sysplugins\smarty_internal_template.php line 187 {"exception":"[object] (SmartyException(code: 0): Unable to load template 'file:C:\\xampp\\htdocs\\PrestaShop\\admin123\\themes\\default\\template\\module:cristymodule/views/templates/front/display.tpl' at C:\\xampp\\htdocs\\PrestaShop\\vendor\\smarty\\smarty\\libs\\sysplugins\\smarty_internal_template.php:187)"} []
[2018-08-21 13:45:25] request.CRITICAL: Uncaught PHP Exception SmartyException: "Unable to load template 'file:C:\xampp\htdocs\PrestaShop\admin123\themes\default\template\module:cristymodule/views/templates/front/display.tpl'" at C:\xampp\htdocs\PrestaShop\vendor\smarty\smarty\libs\sysplugins\smarty_internal_template.php line 187 {"exception":"[object] (SmartyException(code: 0): Unable to load template 'file:C:\\xampp\\htdocs\\PrestaShop\\admin123\\themes\\default\\template\\module:cristymodule/views/templates/front/display.tpl' at C:\\xampp\\htdocs\\PrestaShop\\vendor\\smarty\\smarty\\libs\\sysplugins\\smarty_internal_template.php:187)"} []
[2018-08-21 13:45:34] request.CRITICAL: Uncaught PHP Exception SmartyException: "Unable to load template 'file:C:\xampp\htdocs\PrestaShop\admin123\themes\default\template\module:cristymodule/views/templates/front/display.tpl'" at C:\xampp\htdocs\PrestaShop\vendor\smarty\smarty\libs\sysplugins\smarty_internal_template.php line 187 {"exception":"[object] (SmartyException(code: 0): Unable to load template 'file:C:\\xampp\\htdocs\\PrestaShop\\admin123\\themes\\default\\template\\module:cristymodule/views/templates/front/display.tpl' at C:\\xampp\\htdocs\\PrestaShop\\vendor\\smarty\\smarty\\libs\\sysplugins\\smarty_internal_template.php:187)"} []
[2018-08-21 13:46:52] request.CRITICAL: Uncaught PHP Exception SmartyException: "Unable to load template 'file:C:\xampp\htdocs\PrestaShop\admin123\themes\default\template\module:cristymodule/views/templates/front/display.tpl'" at C:\xampp\htdocs\PrestaShop\vendor\smarty\smarty\libs\sysplugins\smarty_internal_template.php line 187 {"exception":"[object] (SmartyException(code: 0): Unable to load template 'file:C:\\xampp\\htdocs\\PrestaShop\\admin123\\themes\\default\\template\\module:cristymodule/views/templates/front/display.tpl' at C:\\xampp\\htdocs\\PrestaShop\\vendor\\smarty\\smarty\\libs\\sysplugins\\smarty_internal_template.php:187)"} []
[2018-08-21 13:47:07] request.CRITICAL: Uncaught PHP Exception SmartyException: "Unable to load template 'file:C:\xampp\htdocs\PrestaShop\admin123\themes\default\template\module:cristymodule/views/templates/front/display.tpl'" at C:\xampp\htdocs\PrestaShop\vendor\smarty\smarty\libs\sysplugins\smarty_internal_template.php line 187 {"exception":"[object] (SmartyException(code: 0): Unable to load template 'file:C:\\xampp\\htdocs\\PrestaShop\\admin123\\themes\\default\\template\\module:cristymodule/views/templates/front/display.tpl' at C:\\xampp\\htdocs\\PrestaShop\\vendor\\smarty\\smarty\\libs\\sysplugins\\smarty_internal_template.php:187)"} []
[2018-08-21 13:47:43] request.CRITICAL: Uncaught PHP Exception SmartyException: "Unable to load template 'file:C:\xampp\htdocs\PrestaShop\admin123\themes\default\template\module:cristymodule/views/templates/front/display.tpl'" at C:\xampp\htdocs\PrestaShop\vendor\smarty\smarty\libs\sysplugins\smarty_internal_template.php line 187 {"exception":"[object] (SmartyException(code: 0): Unable to load template 'file:C:\\xampp\\htdocs\\PrestaShop\\admin123\\themes\\default\\template\\module:cristymodule/views/templates/front/display.tpl' at C:\\xampp\\htdocs\\PrestaShop\\vendor\\smarty\\smarty\\libs\\sysplugins\\smarty_internal_template.php:187)"} []
[2018-08-21 13:48:08] request.CRITICAL: Uncaught PHP Exception SmartyException: "Unable to load template 'file:C:\xampp\htdocs\PrestaShop\admin123\themes\default\template\module:cristymodule/views/templates/front/display.tpl'" at C:\xampp\htdocs\PrestaShop\vendor\smarty\smarty\libs\sysplugins\smarty_internal_template.php line 187 {"exception":"[object] (SmartyException(code: 0): Unable to load template 'file:C:\\xampp\\htdocs\\PrestaShop\\admin123\\themes\\default\\template\\module:cristymodule/views/templates/front/display.tpl' at C:\\xampp\\htdocs\\PrestaShop\\vendor\\smarty\\smarty\\libs\\sysplugins\\smarty_internal_template.php:187)"} []
[2018-08-21 13:58:29] request.CRITICAL: Uncaught PHP Exception SmartyException: "Unable to load template 'file:helpers/view/module:cristymodule/views/templates/front/display.tpl'" at C:\xampp\htdocs\PrestaShop\vendor\smarty\smarty\libs\sysplugins\smarty_internal_template.php line 187 {"exception":"[object] (SmartyException(code: 0): Unable to load template 'file:helpers/view/module:cristymodule/views/templates/front/display.tpl' at C:\\xampp\\htdocs\\PrestaShop\\vendor\\smarty\\smarty\\libs\\sysplugins\\smarty_internal_template.php:187)"} []
[2018-08-21 14:02:10] request.CRITICAL: Uncaught PHP Exception SmartyException: "Unable to load template 'file:C:\xampp\htdocs\PrestaShop\admin123\themes\default\template\module:cristymodule/views/templates/front/display.tpl'" at C:\xampp\htdocs\PrestaShop\vendor\smarty\smarty\libs\sysplugins\smarty_internal_template.php line 187 {"exception":"[object] (SmartyException(code: 0): Unable to load template 'file:C:\\xampp\\htdocs\\PrestaShop\\admin123\\themes\\default\\template\\module:cristymodule/views/templates/front/display.tpl' at C:\\xampp\\htdocs\\PrestaShop\\vendor\\smarty\\smarty\\libs\\sysplugins\\smarty_internal_template.php:187)"} []
[2018-08-21 14:03:31] request.CRITICAL: Uncaught PHP Exception SmartyException: "Unable to load template 'file:C:\xampp\htdocs\PrestaShop\admin123\themes\default\template\module:cristymodule/views/templates/front/display.tpl'" at C:\xampp\htdocs\PrestaShop\vendor\smarty\smarty\libs\sysplugins\smarty_internal_template.php line 187 {"exception":"[object] (SmartyException(code: 0): Unable to load template 'file:C:\\xampp\\htdocs\\PrestaShop\\admin123\\themes\\default\\template\\module:cristymodule/views/templates/front/display.tpl' at C:\\xampp\\htdocs\\PrestaShop\\vendor\\smarty\\smarty\\libs\\sysplugins\\smarty_internal_template.php:187)"} []
[2018-08-21 14:05:37] request.CRITICAL: Uncaught PHP Exception SmartyException: "Unable to load template 'file:C:\xampp\htdocs\PrestaShop\admin123\themes\default\template\displayview.tpl'" at C:\xampp\htdocs\PrestaShop\vendor\smarty\smarty\libs\sysplugins\smarty_internal_template.php line 187 {"exception":"[object] (SmartyException(code: 0): Unable to load template 'file:C:\\xampp\\htdocs\\PrestaShop\\admin123\\themes\\default\\template\\displayview.tpl' at C:\\xampp\\htdocs\\PrestaShop\\vendor\\smarty\\smarty\\libs\\sysplugins\\smarty_internal_template.php:187)"} []
